C:\Users\Gaurav\source\repos\BookMyShow\BookMyShow Api\BookMyShow UI\dist\out-tsc\e2e\src\app.po.js
C:\Users\Gaurav\source\repos\BookMyShow\BookMyShow Api\BookMyShow UI\dist\out-tsc\e2e\src\app.po.js.map
C:\Users\Gaurav\source\repos\BookMyShow\BookMyShow Api\BookMyShow UI\dist\out-tsc\e2e\src\app.e2e-spec.js
C:\Users\Gaurav\source\repos\BookMyShow\BookMyShow Api\BookMyShow UI\dist\out-tsc\e2e\src\app.e2e-spec.js.map
C:\Users\Gaurav\source\repos\BookMyShow\BookMyShow Api\BookMyShow UI\dist\out-tsc\src\app\shared\services\movie.service.js
C:\Users\Gaurav\source\repos\BookMyShow\BookMyShow Api\BookMyShow UI\dist\out-tsc\src\app\shared\services\movie.service.js.map
C:\Users\Gaurav\source\repos\BookMyShow\BookMyShow Api\BookMyShow UI\dist\out-tsc\src\app\dashboard\dashboard.component.js
C:\Users\Gaurav\source\repos\BookMyShow\BookMyShow Api\BookMyShow UI\dist\out-tsc\src\app\dashboard\dashboard.component.js.map
C:\Users\Gaurav\source\repos\BookMyShow\BookMyShow Api\BookMyShow UI\dist\out-tsc\src\app\dashboard\index.js
C:\Users\Gaurav\source\repos\BookMyShow\BookMyShow Api\BookMyShow UI\dist\out-tsc\src\app\dashboard\index.js.map
C:\Users\Gaurav\source\repos\BookMyShow\BookMyShow Api\BookMyShow UI\dist\out-tsc\src\app\home\home.component.js
C:\Users\Gaurav\source\repos\BookMyShow\BookMyShow Api\BookMyShow UI\dist\out-tsc\src\app\home\home.component.js.map
C:\Users\Gaurav\source\repos\BookMyShow\BookMyShow Api\BookMyShow UI\dist\out-tsc\src\app\home\index.js
C:\Users\Gaurav\source\repos\BookMyShow\BookMyShow Api\BookMyShow UI\dist\out-tsc\src\app\home\index.js.map
C:\Users\Gaurav\source\repos\BookMyShow\BookMyShow Api\BookMyShow UI\dist\out-tsc\src\app\shared\models\response.model.js
C:\Users\Gaurav\source\repos\BookMyShow\BookMyShow Api\BookMyShow UI\dist\out-tsc\src\app\shared\models\response.model.js.map
C:\Users\Gaurav\source\repos\BookMyShow\BookMyShow Api\BookMyShow UI\dist\out-tsc\src\app\shared\services\authentication.service.js
C:\Users\Gaurav\source\repos\BookMyShow\BookMyShow Api\BookMyShow UI\dist\out-tsc\src\app\shared\services\authentication.service.js.map
C:\Users\Gaurav\source\repos\BookMyShow\BookMyShow Api\BookMyShow UI\dist\out-tsc\src\app\authentication\signin\signin.component.js
C:\Users\Gaurav\source\repos\BookMyShow\BookMyShow Api\BookMyShow UI\dist\out-tsc\src\app\authentication\signin\signin.component.js.map
C:\Users\Gaurav\source\repos\BookMyShow\BookMyShow Api\BookMyShow UI\dist\out-tsc\src\app\authentication\signup\signup.component.js
C:\Users\Gaurav\source\repos\BookMyShow\BookMyShow Api\BookMyShow UI\dist\out-tsc\src\app\authentication\signup\signup.component.js.map
C:\Users\Gaurav\source\repos\BookMyShow\BookMyShow Api\BookMyShow UI\dist\out-tsc\src\app\authentication\authentication.component.js
C:\Users\Gaurav\source\repos\BookMyShow\BookMyShow Api\BookMyShow UI\dist\out-tsc\src\app\authentication\authentication.component.js.map
C:\Users\Gaurav\source\repos\BookMyShow\BookMyShow Api\BookMyShow UI\dist\out-tsc\src\app\authentication\index.js
C:\Users\Gaurav\source\repos\BookMyShow\BookMyShow Api\BookMyShow UI\dist\out-tsc\src\app\authentication\index.js.map
C:\Users\Gaurav\source\repos\BookMyShow\BookMyShow Api\BookMyShow UI\dist\out-tsc\src\app\authentication\authentication-routing.module.js
C:\Users\Gaurav\source\repos\BookMyShow\BookMyShow Api\BookMyShow UI\dist\out-tsc\src\app\authentication\authentication-routing.module.js.map
C:\Users\Gaurav\source\repos\BookMyShow\BookMyShow Api\BookMyShow UI\dist\out-tsc\src\app\authentication\authentication.module.js
C:\Users\Gaurav\source\repos\BookMyShow\BookMyShow Api\BookMyShow UI\dist\out-tsc\src\app\authentication\authentication.module.js.map
C:\Users\Gaurav\source\repos\BookMyShow\BookMyShow Api\BookMyShow UI\dist\out-tsc\src\app\admin\addmovie\addmovie.component.js
C:\Users\Gaurav\source\repos\BookMyShow\BookMyShow Api\BookMyShow UI\dist\out-tsc\src\app\admin\addmovie\addmovie.component.js.map
C:\Users\Gaurav\source\repos\BookMyShow\BookMyShow Api\BookMyShow UI\dist\out-tsc\src\app\admin\addtimeslots\addtimeslots.component.js
C:\Users\Gaurav\source\repos\BookMyShow\BookMyShow Api\BookMyShow UI\dist\out-tsc\src\app\admin\addtimeslots\addtimeslots.component.js.map
C:\Users\Gaurav\source\repos\BookMyShow\BookMyShow Api\BookMyShow UI\dist\out-tsc\src\app\admin\admin.component.js
C:\Users\Gaurav\source\repos\BookMyShow\BookMyShow Api\BookMyShow UI\dist\out-tsc\src\app\admin\admin.component.js.map
C:\Users\Gaurav\source\repos\BookMyShow\BookMyShow Api\BookMyShow UI\dist\out-tsc\src\app\admin\index.js
C:\Users\Gaurav\source\repos\BookMyShow\BookMyShow Api\BookMyShow UI\dist\out-tsc\src\app\admin\index.js.map
C:\Users\Gaurav\source\repos\BookMyShow\BookMyShow Api\BookMyShow UI\dist\out-tsc\src\app\shared\services\auth-guard.service.js
C:\Users\Gaurav\source\repos\BookMyShow\BookMyShow Api\BookMyShow UI\dist\out-tsc\src\app\shared\services\auth-guard.service.js.map
C:\Users\Gaurav\source\repos\BookMyShow\BookMyShow Api\BookMyShow UI\dist\out-tsc\src\app\admin\admin-routing.module.js
C:\Users\Gaurav\source\repos\BookMyShow\BookMyShow Api\BookMyShow UI\dist\out-tsc\src\app\admin\admin-routing.module.js.map
C:\Users\Gaurav\source\repos\BookMyShow\BookMyShow Api\BookMyShow UI\dist\out-tsc\src\app\admin\admin.module.js
C:\Users\Gaurav\source\repos\BookMyShow\BookMyShow Api\BookMyShow UI\dist\out-tsc\src\app\admin\admin.module.js.map
C:\Users\Gaurav\source\repos\BookMyShow\BookMyShow Api\BookMyShow UI\dist\out-tsc\src\app\user\confirmed-booking\confirmed-booking.component.js
C:\Users\Gaurav\source\repos\BookMyShow\BookMyShow Api\BookMyShow UI\dist\out-tsc\src\app\user\confirmed-booking\confirmed-booking.component.js.map
C:\Users\Gaurav\source\repos\BookMyShow\BookMyShow Api\BookMyShow UI\dist\out-tsc\src\app\user\history\history.component.js
C:\Users\Gaurav\source\repos\BookMyShow\BookMyShow Api\BookMyShow UI\dist\out-tsc\src\app\user\history\history.component.js.map
C:\Users\Gaurav\source\repos\BookMyShow\BookMyShow Api\BookMyShow UI\dist\out-tsc\src\app\shared\models\booking.model.js
C:\Users\Gaurav\source\repos\BookMyShow\BookMyShow Api\BookMyShow UI\dist\out-tsc\src\app\shared\models\booking.model.js.map
C:\Users\Gaurav\source\repos\BookMyShow\BookMyShow Api\BookMyShow UI\dist\out-tsc\src\app\shared\models\timeSlot.model.js
C:\Users\Gaurav\source\repos\BookMyShow\BookMyShow Api\BookMyShow UI\dist\out-tsc\src\app\shared\models\timeSlot.model.js.map
C:\Users\Gaurav\source\repos\BookMyShow\BookMyShow Api\BookMyShow UI\dist\out-tsc\src\app\user\movie-details\movie-details.component.js
C:\Users\Gaurav\source\repos\BookMyShow\BookMyShow Api\BookMyShow UI\dist\out-tsc\src\app\user\movie-details\movie-details.component.js.map
C:\Users\Gaurav\source\repos\BookMyShow\BookMyShow Api\BookMyShow UI\dist\out-tsc\src\app\user\mybooking\mybooking.component.js
C:\Users\Gaurav\source\repos\BookMyShow\BookMyShow Api\BookMyShow UI\dist\out-tsc\src\app\user\mybooking\mybooking.component.js.map
C:\Users\Gaurav\source\repos\BookMyShow\BookMyShow Api\BookMyShow UI\dist\out-tsc\src\app\user\user.component.js
C:\Users\Gaurav\source\repos\BookMyShow\BookMyShow Api\BookMyShow UI\dist\out-tsc\src\app\user\user.component.js.map
C:\Users\Gaurav\source\repos\BookMyShow\BookMyShow Api\BookMyShow UI\dist\out-tsc\src\app\user\index.js
C:\Users\Gaurav\source\repos\BookMyShow\BookMyShow Api\BookMyShow UI\dist\out-tsc\src\app\user\index.js.map
C:\Users\Gaurav\source\repos\BookMyShow\BookMyShow Api\BookMyShow UI\dist\out-tsc\src\app\user\user-routing.module.js
C:\Users\Gaurav\source\repos\BookMyShow\BookMyShow Api\BookMyShow UI\dist\out-tsc\src\app\user\user-routing.module.js.map
C:\Users\Gaurav\source\repos\BookMyShow\BookMyShow Api\BookMyShow UI\dist\out-tsc\src\app\user\user.module.js
C:\Users\Gaurav\source\repos\BookMyShow\BookMyShow Api\BookMyShow UI\dist\out-tsc\src\app\user\user.module.js.map
C:\Users\Gaurav\source\repos\BookMyShow\BookMyShow Api\BookMyShow UI\dist\out-tsc\src\app\app-routing.module.js
C:\Users\Gaurav\source\repos\BookMyShow\BookMyShow Api\BookMyShow UI\dist\out-tsc\src\app\app-routing.module.js.map
C:\Users\Gaurav\source\repos\BookMyShow\BookMyShow Api\BookMyShow UI\dist\out-tsc\src\app\app.component.js
C:\Users\Gaurav\source\repos\BookMyShow\BookMyShow Api\BookMyShow UI\dist\out-tsc\src\app\app.component.js.map
C:\Users\Gaurav\source\repos\BookMyShow\BookMyShow Api\BookMyShow UI\dist\out-tsc\src\app\header\header.component.js
C:\Users\Gaurav\source\repos\BookMyShow\BookMyShow Api\BookMyShow UI\dist\out-tsc\src\app\header\header.component.js.map
C:\Users\Gaurav\source\repos\BookMyShow\BookMyShow Api\BookMyShow UI\dist\out-tsc\src\app\header\index.js
C:\Users\Gaurav\source\repos\BookMyShow\BookMyShow Api\BookMyShow UI\dist\out-tsc\src\app\header\index.js.map
C:\Users\Gaurav\source\repos\BookMyShow\BookMyShow Api\BookMyShow UI\dist\out-tsc\src\app\app.module.js
C:\Users\Gaurav\source\repos\BookMyShow\BookMyShow Api\BookMyShow UI\dist\out-tsc\src\app\app.module.js.map
C:\Users\Gaurav\source\repos\BookMyShow\BookMyShow Api\BookMyShow UI\dist\out-tsc\src\environments\environment.js
C:\Users\Gaurav\source\repos\BookMyShow\BookMyShow Api\BookMyShow UI\dist\out-tsc\src\environments\environment.js.map
C:\Users\Gaurav\source\repos\BookMyShow\BookMyShow Api\BookMyShow UI\dist\out-tsc\src\main.js
C:\Users\Gaurav\source\repos\BookMyShow\BookMyShow Api\BookMyShow UI\dist\out-tsc\src\main.js.map
C:\Users\Gaurav\source\repos\BookMyShow\BookMyShow Api\BookMyShow UI\dist\out-tsc\src\polyfills.js
C:\Users\Gaurav\source\repos\BookMyShow\BookMyShow Api\BookMyShow UI\dist\out-tsc\src\polyfills.js.map
C:\Users\Gaurav\source\repos\BookMyShow\BookMyShow Api\BookMyShow UI\dist\out-tsc\src\test.js
C:\Users\Gaurav\source\repos\BookMyShow\BookMyShow Api\BookMyShow UI\dist\out-tsc\src\test.js.map
C:\Users\Gaurav\source\repos\BookMyShow\BookMyShow Api\BookMyShow UI\dist\out-tsc\src\environments\environment.prod.js
C:\Users\Gaurav\source\repos\BookMyShow\BookMyShow Api\BookMyShow UI\dist\out-tsc\src\environments\environment.prod.js.map
